#
# There is insufficient memory for the Java Runtime Environment to continue.
# Native memory allocation (malloc) failed to allocate 1048576 bytes for AllocateHeap
# Possible reasons:
#   The system is out of physical RAM or swap space
#   The process is running with CompressedOops enabled, and the Java Heap may be blocking the growth of the native heap
# Possible solutions:
#   Reduce memory load on the system
#   Increase physical memory or swap space
#   Check if swap backing store is full
#   Decrease Java heap size (-Xmx/-Xms)
#   Decrease number of Java threads
#   Decrease Java thread stack sizes (-Xss)
#   Set larger code cache with -XX:ReservedCodeCacheSize=
#   JVM is running with Zero Based Compressed Oops mode in which the Java heap is
#     placed in the first 32GB address space. The Java Heap base address is the
#     maximum limit for the native heap growth. Please use -XX:HeapBaseMinAddress
#     to set the Java Heap base and to place the Java Heap above 32GB virtual address.
# This output file may be truncated or incomplete.
#
#  Out of Memory Error (memory/allocation.inline.hpp:61), pid=9812, tid=0x0000000000000718
#
# JRE version:  (8.0_202-b08) (build )
# Java VM: Java HotSpot(TM) 64-Bit Server VM (25.202-b08 mixed mode windows-amd64 compressed oops)
# Failed to write core dump. Minidumps are not enabled by default on client versions of Windows
#

---------------  T H R E A D  ---------------

Current thread (0x0000000002532800):  JavaThread "Unknown thread" [_thread_in_vm, id=1816, stack(0x0000000002430000,0x0000000002530000)]

Stack: [0x0000000002430000,0x0000000002530000]
[error occurred during error reporting (printing stack bounds), id 0xc0000005]

Native frames: (J=compiled Java code, j=interpreted, Vv=VM code, C=native code)


---------------  P R O C E S S  ---------------

Java Threads: ( => current thread )

Other Threads:

=>0x0000000002532800 (exited) JavaThread "Unknown thread" [_thread_in_vm, id=1816, stack(0x0000000002430000,0x0000000002530000)]

VM state:not at safepoint (normal execution)

VM Mutex/Monitor currently owned by a thread: None

heap address: 0x00000006c4200000, size: 4030 MB, Compressed Oops mode: Zero based, Oop shift amount: 3
Narrow klass base: 0x0000000000000000, Narrow klass shift: 3
Compressed class space size: 1073741824 Address: 0x00000007c0000000

Heap:
 PSYoungGen      total 75264K, used 1290K [0x000000076c100000, 0x0000000771500000, 0x00000007c0000000)
  eden space 64512K, 2% used [0x000000076c100000,0x000000076c242900,0x0000000770000000)
  from space 10752K, 0% used [0x0000000770a80000,0x0000000770a80000,0x0000000771500000)
  to   space 10752K, 0% used [0x0000000770000000,0x0000000770000000,0x0000000770a80000)
 ParOldGen       total 172032K, used 0K [0x00000006c4200000, 0x00000006cea00000, 0x000000076c100000)
  object space 172032K, 0% used [0x00000006c4200000,0x00000006c4200000,0x00000006cea00000)
 Metaspace       used 775K, capacity 4480K, committed 4480K, reserved 1056768K
  class space    used 76K, capacity 384K, committed 384K, reserved 1048576K

Card table byte_map: [0x00000000119f0000,0x00000000121d0000] byte_map_base: 0x000000000e3cf000

Marking Bits: (ParMarkBitMap*) 0x0000000070ae5ce0
 Begin Bits: [0x0000000012f10000, 0x0000000016e08000)
 End Bits:   [0x0000000016e08000, 0x000000001ad00000)

Polling page: 0x0000000000dd0000

CodeCache: size=245760Kb used=328Kb max_used=328Kb free=245431Kb
 bounds [0x0000000002630000, 0x00000000028a0000, 0x0000000011630000]
 total_blobs=58 nmethods=0 adapters=38
 compilation: enabled

Compilation events (0 events):
No events

GC Heap History (0 events):
No events

Deoptimization events (0 events):
No events

Classes redefined (0 events):
No events

Internal exceptions (0 events):
No events

Events (10 events):
Event: 0.028 loading class java/lang/Short
Event: 0.028 loading class java/lang/Short done
Event: 0.028 loading class java/lang/Integer
Event: 0.029 loading class java/lang/Integer done
Event: 0.029 loading class java/lang/Long
Event: 0.029 loading class java/lang/Long done
Event: 0.029 loading class java/lang/NullPointerException
Event: 0.029 loading class java/lang/NullPointerException done
Event: 0.029 loading class java/lang/ArithmeticException
Event: 0.029 loading class java/lang/ArithmeticException done


Dynamic libraries:
0x00007ff76eec0000 - 0x00007ff76eef7000 	C:\Program Files\Java\jdk1.8.0_202\bin\java.exe
0x00007ffade940000 - 0x00007ffadeba8000 	C:\WINDOWS\SYSTEM32\ntdll.dll
0x00007ffadc8b0000 - 0x00007ffadc979000 	C:\WINDOWS\System32\KERNEL32.DLL
0x00007ffadc280000 - 0x00007ffadc672000 	C:\WINDOWS\System32\KERNELBASE.dll
0x00007ffade840000 - 0x00007ffade8f4000 	C:\WINDOWS\System32\ADVAPI32.dll
0x00007ffaddae0000 - 0x00007ffaddb89000 	C:\WINDOWS\System32\msvcrt.dll
0x00007ffadc9a0000 - 0x00007ffadca46000 	C:\WINDOWS\System32\sechost.dll
0x00007ffadcc90000 - 0x00007ffadcda8000 	C:\WINDOWS\System32\RPCRT4.dll
0x00007ffadce30000 - 0x00007ffadcff5000 	C:\WINDOWS\System32\USER32.dll
0x00007ffadbd90000 - 0x00007ffadbdb7000 	C:\WINDOWS\System32\win32u.dll
0x00007ffadcb60000 - 0x00007ffadcb8b000 	C:\WINDOWS\System32\GDI32.dll
0x00007ffadbdc0000 - 0x00007ffadbeed000 	C:\WINDOWS\System32\gdi32full.dll
0x00007ffadbad0000 - 0x00007ffadbb73000 	C:\WINDOWS\System32\msvcp_win.dll
0x00007ffadc130000 - 0x00007ffadc27b000 	C:\WINDOWS\System32\ucrtbase.dll
0x00007ffac7e90000 - 0x00007ffac8123000 	C:\WINDOWS\WinSxS\amd64_microsoft.windows.common-controls_6595b64144ccf1df_6.0.26100.6725_none_3e085828e334708b\COMCTL32.dll
0x00007ffade800000 - 0x00007ffade82f000 	C:\WINDOWS\System32\IMM32.DLL
0x0000000070b70000 - 0x0000000070c42000 	C:\Program Files\Java\jdk1.8.0_202\jre\bin\msvcr100.dll
0x00000000702c0000 - 0x0000000070b65000 	C:\Program Files\Java\jdk1.8.0_202\jre\bin\server\jvm.dll
0x00007ffadca50000 - 0x00007ffadca58000 	C:\WINDOWS\System32\PSAPI.DLL
0x00007ffad0110000 - 0x00007ffad0145000 	C:\WINDOWS\SYSTEM32\WINMM.dll
0x00007ffacfce0000 - 0x00007ffacfcea000 	C:\WINDOWS\SYSTEM32\WSOCK32.dll
0x00007ffad39f0000 - 0x00007ffad39fb000 	C:\WINDOWS\SYSTEM32\VERSION.dll
0x00007ffadcdb0000 - 0x00007ffadce24000 	C:\WINDOWS\System32\WS2_32.dll
0x00007ffa955b0000 - 0x00007ffa955bf000 	C:\Program Files\Java\jdk1.8.0_202\jre\bin\verify.dll
0x00007ffa7b220000 - 0x00007ffa7b249000 	C:\Program Files\Java\jdk1.8.0_202\jre\bin\java.dll
0x00007ffa8d9e0000 - 0x00007ffa8d9f6000 	C:\Program Files\Java\jdk1.8.0_202\jre\bin\zip.dll

VM Arguments:
jvm_args: -Dfile.encoding=UTF-8 -Duser.country=US -Duser.language=en -Duser.variant 
java_command: simblock.simulator.Main -config E:\Projects\Anomaly-Detection_System_In_Blockchain\simblock\simulator\conf\simulator.conf
java_class_path (initial): E:\Projects\Anomaly-Detection_System_In_Blockchain\simblock\simulator\build\classes\java\main;E:\Projects\Anomaly-Detection_System_In_Blockchain\simblock\simulator\build\resources\main;E:\Projects\Anomaly-Detection_System_In_Blockchain\simblock\simulator\src\dist\conf
Launcher Type: SUN_STANDARD

Environment Variables:
JAVA_HOME=C:\Program Files\Java\jdk1.8.0_202
CLASSPATH=E:\Projects\Anomaly-Detection_System_In_Blockchain\simblock\\gradle\wrapper\gradle-wrapper.jar
PATH=E:\Projects\Anomaly-Detection_System_In_Blockchain\.venv/Scripts;C:\Program Files (x86)\Common Files\Oracle\Java\javapath;C:\Program Files (x86)\VMware\VMware Workstation\bin\;C:\WINDOWS\system32;C:\WINDOWS;C:\WINDOWS\System32\Wbem;C:\WINDOWS\System32\WindowsPowerShell\v1.0\;C:\WINDOWS\System32\OpenSSH\;C:\Program Files\dotnet\;C:\Program Files\Java\jdk1.8.0_202;C:\Program Files (x86)\Windows Kits\10\Windows Performance Toolkit\;C:\Program Files\Common Files\Autodesk Shared\;C:\Program Files\Git\cmd;C:\Users\rajai\apache-maven-3.9.11\bin;E:\Projects\gradle-6.7.1-bin\gradle-6.7.1\bin;C:\Users\rajai\gradle-9.0.0-bin\gradle-9.0.0\bin;C:\Program Files\Docker\Docker\resources\bin;C:\Program Files\Java\jdk1.8.0_202\bin;C:\Program Files (x86)\Common Files\Oracle\Java\javapath;C:\Program Files (x86)\VMware\VMware Workstation\bin\;C:\WINDOWS\system32;C:\WINDOWS;C:\WINDOWS\System32\Wbem;C:\WINDOWS\System32\WindowsPowerShell\v1.0\;C:\WINDOWS\System32\OpenSSH\;C:\Program Files\dotnet\;C:\Program Files\Java\jdk1.8.0_202;C:\Program Files (x86)\Windows Kits\10\Windows Performance Toolkit\;C:\Program Files\Common Files\Autodesk Shared\;C:\Program Files\Git\cmd;C:\Users\rajai\apache-maven-3.9.11\bin;E:\Projects\gradle-6.7.1-bin\gradle-6.7.1\bin;C:\Users\rajai\gradle-9.0.0-bin\gradle-9.0.0\bin;C:\Program Files\Docker\Docker\resources\bin;;C:\Users\rajai\AppData\Local\Programs\Microsoft VS Code\bin
USERNAME=rajai
OS=Windows_NT
PROCESSOR_IDENTIFIER=Intel64 Family 6 Model 140 Stepping 1, GenuineIntel



---------------  S Y S T E M  ---------------

OS: Windows 10.0 , 64 bit Build 26100 (10.0.26100.6725)

CPU:total 8 (initial active 8) (4 cores per cpu, 2 threads per core) family 6 model 140 stepping 1, cmov, cx8, fxsr, mmx, sse, sse2, sse3, ssse3, sse4.1, sse4.2, popcnt, avx, avx2, aes, clmul, erms, 3dnowpref, lzcnt, ht, tsc, tscinvbit, bmi1, bmi2, adx

Memory: 4k page, physical 16505636k(1998816k free), swap 20699940k(19488k free)

vm_info: Java HotSpot(TM) 64-Bit Server VM (25.202-b08) for windows-amd64 JRE (1.8.0_202-b08), built on Dec 15 2018 19:54:30 by "java_re" with MS VC++ 10.0 (VS2010)

time: Fri Oct 10 17:19:15 2025
timezone: Pakistan Standard Time
elapsed time: 1 seconds (0d 0h 0m 1s)

